<?xml version="1.0" encoding="UTF-8"?>
<testsuite xmlns:xsi="http://www.w3.org/2001/XMLSchema-instance" xsi:noNamespaceSchemaLocation="https://maven.apache.org/surefire/maven-surefire-plugin/xsd/surefire-test-report.xsd" version="3.0.2" name="beck.backend.BackendApplicationTests" time="5.05" tests="1" errors="0" skipped="0" failures="0">
  <properties>
[...]
</properties>
  <testcase name="contextLoads" classname="beck.backend.BackendApplicationTests" time="0.758">
    <system-out><![CDATA[10:50:18.386 [main] INFO org.springframework.test.context.support.AnnotationConfigContextLoaderUtils -- Could not detect default configuration classes for test class [beck.backend.BackendApplicationTests]: BackendApplicationTests does not declare any static, non-private, non-final, nested classes annotated with @Configuration.
10:50:18.513 [main] INFO org.springframework.boot.test.context.SpringBootTestContextBootstrapper -- Found @SpringBootConfiguration beck.backend.BackendApplication for test class beck.backend.BackendApplicationTests

  .   ____          _            __ _ _
 /\\ / ___'_ __ _ _(_)_ __  __ _ \ \ \ \
( ( )\___ | '_ | '_| | '_ \/ _` | \ \ \ \
 \\/  ___)| |_)| | | | | || (_| |  ) ) ) )
  '  |____| .__|_| |_|_| |_\__, | / / / /
 =========|_|==============|___/=/_/_/_/

 :: Spring Boot ::                (v3.5.6)

2025-10-19T10:50:18.951-07:00  WARN 18844 --- [backend] [           main] ory$DuplicateJsonObjectContextCustomizer : 

Found multiple occurrences of org.json.JSONObject on the class path:

	jar:file:/C:/Users/kenji/.m2/repository/org/json/json/20231013/json-20231013.jar!/org/json/JSONObject.class
	jar:file:/C:/Users/kenji/.m2/repository/com/vaadin/external/google/android-json/0.0.20131108.vaadin1/android-json-0.0.20131108.vaadin1.jar!/org/json/JSONObject.class

You may wish to exclude one of them to ensure predictable runtime behavior

2025-10-19T10:50:18.977-07:00  INFO 18844 --- [backend] [           main] beck.backend.BackendApplicationTests     : Starting BackendApplicationTests using Java 17.0.12 with PID 18844 (started by kenji in C:\Users\kenji\Downloads\eventure\eventure\backend)
2025-10-19T10:50:18.979-07:00  INFO 18844 --- [backend] [           main] beck.backend.BackendApplicationTests     : No active profile set, falling back to 1 default profile: "default"
2025-10-19T10:50:21.528-07:00  INFO 18844 --- [backend] [           main] b.backend.repository.EventRepository     : Table 'Events' already exists
2025-10-19T10:50:22.379-07:00  INFO 18844 --- [backend] [           main] o.s.b.a.e.web.EndpointLinksResolver      : Exposing 1 endpoint beneath base path '/actuator'
2025-10-19T10:50:22.459-07:00  INFO 18844 --- [backend] [           main] beck.backend.BackendApplicationTests     : Started BackendApplicationTests in 3.769 seconds (process running for 4.736)
]]></system-out>
  </testcase>
</testsuite>